<?xml version="1.0" encoding="UTF-8"?>
<!-- Generated by org.testng.reporters.JUnitReportReporter -->
<testsuite skipped="0" hostname="INQ69NBO5B4JG32" name="com.qa.en.testCases.TC_TE_Search_en" tests="2" failures="0" timestamp="30 May 2018 06:04:54 GMT" time="64.945" errors="0">
  <testcase name="TearDown" time="0.981" classname="com.qa.en.testCases.TC_TE_Search_en"/>
  <testcase name="Search_2mm" time="63.964" classname="com.qa.en.testCases.TC_TE_Search_en"/>
</testsuite> <!-- com.qa.en.testCases.TC_TE_Search_en -->
